[debug] [2022-07-05T12:29:42.044Z] ----------------------------------------------------------------------
[debug] [2022-07-05T12:29:42.046Z] Command:       C:\Program Files\nodejs\node.exe C:\Users\HP\AppData\Roaming\npm\node_modules\firebase-tools\lib\bin\firebase.js init
[debug] [2022-07-05T12:29:42.046Z] CLI Version:   11.2.0
[debug] [2022-07-05T12:29:42.046Z] Platform:      win32
[debug] [2022-07-05T12:29:42.046Z] Node Version:  v16.15.1
[debug] [2022-07-05T12:29:42.047Z] Time:          Tue Jul 05 2022 17:59:42 GMT+0530 (India Standard Time)
[debug] [2022-07-05T12:29:42.047Z] ----------------------------------------------------------------------
[debug] 
[debug] [2022-07-05T12:29:42.054Z] > command requires scopes: ["email","openid","https://www.googleapis.com/auth/cloudplatformprojects.readonly","https://www.googleapis.com/auth/firebase","https://www.googleapis.com/auth/cloud-platform"]
[debug] [2022-07-05T12:29:42.054Z] > authorizing via signed-in user (dubey7920@gmail.com)
[info] 
     ######## #### ########  ######## ########     ###     ######  ########
     ##        ##  ##     ## ##       ##     ##  ##   ##  ##       ##
     ######    ##  ########  ######   ########  #########  ######  ######
     ##        ##  ##    ##  ##       ##     ## ##     ##       ## ##
     ##       #### ##     ## ######## ########  ##     ##  ######  ########

You're about to initialize a Firebase project in this directory:

  D:\React\Spotify\spotify

[info] 
=== Project Setup
[info] 
[info] First, let's associate this project directory with a Firebase project.
[info] You can create multiple project aliases by running firebase use --add, 
[info] but for now we'll just set up a default project.
[info] 
